android/app/build/intermediates/manifest_merge_blame_file/debug/processDebugMainManifest/manifest-merger-blame-debug-report.txt
1<?xml version="1.0" encoding="utf-8"?>
2<manifest xmlns:android="http://schemas.android.com/apk/res/android"
3    package="com.handwerkos.employee"
4    android:versionCode="1"
5    android:versionName="1.0.0" >
6
7    <uses-sdk
8        android:minSdkVersion="23"
9        android:targetSdkVersion="33" />
10
11    <!-- Permissions -->
12    <uses-permission android:name="android.permission.INTERNET" />
12-->src\main\AndroidManifest.xml:26:5-67
12-->src\main\AndroidManifest.xml:26:22-64
13    <uses-permission android:name="android.permission.CAMERA" />
13-->src\main\AndroidManifest.xml:27:5-65
13-->src\main\AndroidManifest.xml:27:22-62
14    <uses-permission android:name="android.permission.ACCESS_COARSE_LOCATION" />
14-->src\main\AndroidManifest.xml:28:5-81
14-->src\main\AndroidManifest.xml:28:22-78
15    <uses-permission android:name="android.permission.ACCESS_FINE_LOCATION" />
15-->src\main\AndroidManifest.xml:29:5-79
15-->src\main\AndroidManifest.xml:29:22-76
16    <uses-permission android:name="android.permission.ACCESS_BACKGROUND_LOCATION" />
16-->src\main\AndroidManifest.xml:30:5-85
16-->src\main\AndroidManifest.xml:30:22-82
17    <uses-permission android:name="android.permission.WAKE_LOCK" />
17-->src\main\AndroidManifest.xml:31:5-68
17-->src\main\AndroidManifest.xml:31:22-65
18    <uses-permission android:name="android.permission.VIBRATE" />
18-->src\main\AndroidManifest.xml:32:5-66
18-->src\main\AndroidManifest.xml:32:22-63
19    <uses-permission android:name="android.permission.ACCESS_NETWORK_STATE" />
19-->src\main\AndroidManifest.xml:33:5-79
19-->src\main\AndroidManifest.xml:33:22-76
20    <uses-permission android:name="android.permission.WRITE_EXTERNAL_STORAGE" />
20-->src\main\AndroidManifest.xml:34:5-81
20-->src\main\AndroidManifest.xml:34:22-78
21    <uses-permission android:name="android.permission.READ_EXTERNAL_STORAGE" />
21-->src\main\AndroidManifest.xml:35:5-80
21-->src\main\AndroidManifest.xml:35:22-77
22    <uses-permission android:name="android.permission.RECEIVE_BOOT_COMPLETED" />
22-->src\main\AndroidManifest.xml:36:5-81
22-->src\main\AndroidManifest.xml:36:22-78
23    <uses-permission android:name="android.permission.FOREGROUND_SERVICE" />
23-->src\main\AndroidManifest.xml:37:5-77
23-->src\main\AndroidManifest.xml:37:22-74
24    <uses-permission android:name="android.permission.POST_NOTIFICATIONS" />
24-->src\main\AndroidManifest.xml:38:5-77
24-->src\main\AndroidManifest.xml:38:22-74
25
26    <!-- Time Tracking Permissions -->
27    <uses-permission android:name="android.permission.SYSTEM_ALERT_WINDOW" />
27-->src\main\AndroidManifest.xml:41:5-78
27-->src\main\AndroidManifest.xml:41:22-75
28    <uses-permission android:name="android.permission.REQUEST_IGNORE_BATTERY_OPTIMIZATIONS" />
28-->src\main\AndroidManifest.xml:42:5-95
28-->src\main\AndroidManifest.xml:42:22-92
29
30    <!-- File Storage Permissions for Signatures -->
31    <uses-permission
31-->src\main\AndroidManifest.xml:45:5-109
32        android:name="android.permission.MANAGE_EXTERNAL_STORAGE"
32-->src\main\AndroidManifest.xml:45:22-79
33        android:maxSdkVersion="29" />
33-->src\main\AndroidManifest.xml:45:80-106
34
35    <!-- Background Services for Time Tracking -->
36    <uses-permission android:name="android.permission.FOREGROUND_SERVICE_LOCATION" />
36-->src\main\AndroidManifest.xml:48:5-86
36-->src\main\AndroidManifest.xml:48:22-83
37    <uses-permission android:name="android.permission.FOREGROUND_SERVICE_DATA_SYNC" />
37-->src\main\AndroidManifest.xml:49:5-87
37-->src\main\AndroidManifest.xml:49:22-84
38
39    <!-- Features -->
40    <uses-feature
40-->src\main\AndroidManifest.xml:52:5-87
41        android:name="android.hardware.location"
41-->src\main\AndroidManifest.xml:52:19-59
42        android:required="false" />
42-->src\main\AndroidManifest.xml:52:60-84
43    <uses-feature
43-->src\main\AndroidManifest.xml:53:5-91
44        android:name="android.hardware.location.gps"
44-->src\main\AndroidManifest.xml:53:19-63
45        android:required="false" />
45-->src\main\AndroidManifest.xml:53:64-88
46    <uses-feature
46-->src\main\AndroidManifest.xml:54:5-85
47        android:name="android.hardware.camera"
47-->src\main\AndroidManifest.xml:54:19-57
48        android:required="false" />
48-->src\main\AndroidManifest.xml:54:58-82
49    <uses-feature
49-->src\main\AndroidManifest.xml:55:5-86
50        android:name="android.hardware.vibrate"
50-->src\main\AndroidManifest.xml:55:19-58
51        android:required="false" />
51-->src\main\AndroidManifest.xml:55:59-83
52
53    <queries>
53-->[:capacitor-camera] AndroidManifest.xml:7:5-11:15
54        <intent>
54-->[:capacitor-camera] AndroidManifest.xml:8:9-10:18
55            <action android:name="android.media.action.IMAGE_CAPTURE" />
55-->[:capacitor-camera] AndroidManifest.xml:9:13-73
55-->[:capacitor-camera] AndroidManifest.xml:9:21-70
56        </intent>
57    </queries>
58
59    <permission
59-->[androidx.core:core:1.13.1] AndroidManifest.xml:22:5-24:47
60        android:name="com.handwerkos.employee.DYNAMIC_RECEIVER_NOT_EXPORTED_PERMISSION"
60-->[androidx.core:core:1.13.1] AndroidManifest.xml:23:9-81
61        android:protectionLevel="signature" />
61-->[androidx.core:core:1.13.1] AndroidManifest.xml:24:9-44
62
63    <uses-permission android:name="com.handwerkos.employee.DYNAMIC_RECEIVER_NOT_EXPORTED_PERMISSION" />
63-->[androidx.core:core:1.13.1] AndroidManifest.xml:26:5-97
63-->[androidx.core:core:1.13.1] AndroidManifest.xml:26:22-94
64
65    <application
65-->src\main\AndroidManifest.xml:4:5-23:19
66        android:allowBackup="true"
66-->src\main\AndroidManifest.xml:5:9-35
67        android:appComponentFactory="androidx.core.app.CoreComponentFactory"
67-->[androidx.core:core:1.13.1] AndroidManifest.xml:28:18-86
68        android:debuggable="true"
69        android:extractNativeLibs="false"
70        android:icon="@mipmap/ic_launcher"
70-->src\main\AndroidManifest.xml:6:9-43
71        android:label="@string/app_name"
71-->src\main\AndroidManifest.xml:8:9-41
72        android:roundIcon="@mipmap/ic_launcher_round"
72-->src\main\AndroidManifest.xml:7:9-54
73        android:supportsRtl="true"
73-->src\main\AndroidManifest.xml:9:9-35
74        android:testOnly="true"
75        android:usesCleartextTraffic="true" >
75-->[:capacitor-cordova-android-plugins] AndroidManifest.xml:8:18-53
76        22clStopcla
77        <activity
77-->src\main\AndroidManifest.xml:11:9-21:20
78            android:name="app.lovable.a0eb28b7447b47a280fca8181ec925b9.MainActivity"
78-->src\main\AndroidManifest.xml:14:13-85
79            android:exported="true"
79-->src\main\AndroidManifest.xml:12:13-36
80            android:launchMode="singleTask" >
80-->src\main\AndroidManifest.xml:13:13-44
81            <intent-filter>
81-->src\main\AndroidManifest.xml:16:13-19:29
82                <action android:name="android.intent.action.MAIN" />
82-->src\main\AndroidManifest.xml:17:17-69
82-->src\main\AndroidManifest.xml:17:25-66
83
84                <category android:name="android.intent.category.LAUNCHER" />
84-->src\main\AndroidManifest.xml:18:17-77
84-->src\main\AndroidManifest.xml:18:27-74
85            </intent-filter>
86        </activity>
87        <activity
87-->[com.google.android.gms:play-services-base:18.5.0] AndroidManifest.xml:5:9-173
88            android:name="com.google.android.gms.common.api.GoogleApiActivity"
88-->[com.google.android.gms:play-services-base:18.5.0] AndroidManifest.xml:5:19-85
89            android:exported="false"
89-->[com.google.android.gms:play-services-base:18.5.0] AndroidManifest.xml:5:146-170
90            android:theme="@android:style/Theme.Translucent.NoTitleBar" />
90-->[com.google.android.gms:play-services-base:18.5.0] AndroidManifest.xml:5:86-145
91
92        <provider
92-->[androidx.emoji2:emoji2:1.2.0] AndroidManifest.xml:24:9-32:20
93            android:name="androidx.startup.InitializationProvider"
93-->[androidx.emoji2:emoji2:1.2.0] AndroidManifest.xml:25:13-67
94            android:authorities="com.handwerkos.employee.androidx-startup"
94-->[androidx.emoji2:emoji2:1.2.0] AndroidManifest.xml:26:13-68
95            android:exported="false" >
95-->[androidx.emoji2:emoji2:1.2.0] AndroidManifest.xml:27:13-37
96            <meta-data
96-->[androidx.emoji2:emoji2:1.2.0] AndroidManifest.xml:29:13-31:52
97                android:name="androidx.emoji2.text.EmojiCompatInitializer"
97-->[androidx.emoji2:emoji2:1.2.0] AndroidManifest.xml:30:17-75
98                android:value="androidx.startup" />
98-->[androidx.emoji2:emoji2:1.2.0] AndroidManifest.xml:31:17-49
99            <meta-data
99-->[androidx.lifecycle:lifecycle-process:2.6.2] AndroidManifest.xml:29:13-31:52
100                android:name="androidx.lifecycle.ProcessLifecycleInitializer"
100-->[androidx.lifecycle:lifecycle-process:2.6.2] AndroidManifest.xml:30:17-78
101                android:value="androidx.startup" />
101-->[androidx.lifecycle:lifecycle-process:2.6.2] AndroidManifest.xml:31:17-49
102            <meta-data
102-->[androidx.profileinstaller:profileinstaller:1.3.1] AndroidManifest.xml:29:13-31:52
103                android:name="androidx.profileinstaller.ProfileInstallerInitializer"
103-->[androidx.profileinstaller:profileinstaller:1.3.1] AndroidManifest.xml:30:17-85
104                android:value="androidx.startup" />
104-->[androidx.profileinstaller:profileinstaller:1.3.1] AndroidManifest.xml:31:17-49
105        </provider>
106
107        <meta-data
107-->[com.google.android.gms:play-services-basement:18.4.0] AndroidManifest.xml:6:9-122
108            android:name="com.google.android.gms.version"
108-->[com.google.android.gms:play-services-basement:18.4.0] AndroidManifest.xml:6:20-65
109            android:value="@integer/google_play_services_version" />
109-->[com.google.android.gms:play-services-basement:18.4.0] AndroidManifest.xml:6:66-119
110
111        <receiver
111-->[androidx.profileinstaller:profileinstaller:1.3.1] AndroidManifest.xml:34:9-52:20
112            android:name="androidx.profileinstaller.ProfileInstallReceiver"
112-->[androidx.profileinstaller:profileinstaller:1.3.1] AndroidManifest.xml:35:13-76
113            android:directBootAware="false"
113-->[androidx.profileinstaller:profileinstaller:1.3.1] AndroidManifest.xml:36:13-44
114            android:enabled="true"
114-->[androidx.profileinstaller:profileinstaller:1.3.1] AndroidManifest.xml:37:13-35
115            android:exported="true"
115-->[androidx.profileinstaller:profileinstaller:1.3.1] AndroidManifest.xml:38:13-36
116            android:permission="android.permission.DUMP" >
116-->[androidx.profileinstaller:profileinstaller:1.3.1] AndroidManifest.xml:39:13-57
117            <intent-filter>
117-->[androidx.profileinstaller:profileinstaller:1.3.1] AndroidManifest.xml:40:13-42:29
118                <action android:name="androidx.profileinstaller.action.INSTALL_PROFILE" />
118-->[androidx.profileinstaller:profileinstaller:1.3.1] AndroidManifest.xml:41:17-91
118-->[androidx.profileinstaller:profileinstaller:1.3.1] AndroidManifest.xml:41:25-88
119            </intent-filter>
120            <intent-filter>
120-->[androidx.profileinstaller:profileinstaller:1.3.1] AndroidManifest.xml:43:13-45:29
121                <action android:name="androidx.profileinstaller.action.SKIP_FILE" />
121-->[androidx.profileinstaller:profileinstaller:1.3.1] AndroidManifest.xml:44:17-85
121-->[androidx.profileinstaller:profileinstaller:1.3.1] AndroidManifest.xml:44:25-82
122            </intent-filter>
123            <intent-filter>
123-->[androidx.profileinstaller:profileinstaller:1.3.1] AndroidManifest.xml:46:13-48:29
124                <action android:name="androidx.profileinstaller.action.SAVE_PROFILE" />
124-->[androidx.profileinstaller:profileinstaller:1.3.1] AndroidManifest.xml:47:17-88
124-->[androidx.profileinstaller:profileinstaller:1.3.1] AndroidManifest.xml:47:25-85
125            </intent-filter>
126            <intent-filter>
126-->[androidx.profileinstaller:profileinstaller:1.3.1] AndroidManifest.xml:49:13-51:29
127                <action android:name="androidx.profileinstaller.action.BENCHMARK_OPERATION" />
127-->[androidx.profileinstaller:profileinstaller:1.3.1] AndroidManifest.xml:50:17-95
127-->[androidx.profileinstaller:profileinstaller:1.3.1] AndroidManifest.xml:50:25-92
128            </intent-filter>
129        </receiver>
130    </application>
131
132</manifest>